<?xml version="1.0" encoding="UTF-8"?>
<!-- Generated by org.testng.reporters.JUnitReportReporter -->
<testsuite hostname="C3700100527" name="test1" tests="1" failures="0" timestamp="9 Oct 2015 10:46:17 GMT" time="44.191" errors="0">
  <testcase name="fireFoxEmagCreateAccountTest" time="44.191" classname="test1"/>
</testsuite>
