<?xml version="1.0" encoding="UTF-8"?>
<!-- Generated by org.testng.reporters.JUnitReportReporter -->
<testsuite hostname="C3700100527" name="test1" tests="2" failures="0" timestamp="6 Oct 2015 12:07:56 GMT" time="54.724" errors="0">
  <testcase name="fireFoxEmagCreateAccountTest" time="29.511" classname="test1"/>
  <testcase name="addToCartAndRemoveFromCartTest" time="25.213" classname="test1"/>
</testsuite>
