<?xml version="1.0" encoding="UTF-8"?>
<!-- Generated by org.testng.reporters.JUnitReportReporter -->
<testsuite hostname="C3700100528" name="Tests.CreateAccountAndLoginTest" tests="1" failures="0" timestamp="29 Sep 2015 12:12:44 GMT" time="8.432" errors="0">
  <testcase name="NegativeCreateAccountTest" time="8.432" classname="Tests.CreateAccountAndLoginTest"/>
</testsuite> <!-- Tests.CreateAccountAndLoginTest -->
