<?xml version="1.0" encoding="UTF-8"?>
<!-- Generated by org.testng.reporters.JUnitReportReporter -->
<testsuite hostname="C3700100528" name="Tests.LoginTest" tests="1" failures="0" timestamp="23 Sep 2015 12:46:33 GMT" time="14.242" errors="0">
  <testcase name="Login" time="14.242" classname="Tests.LoginTest"/>
</testsuite> <!-- Tests.LoginTest -->
