<?xml version="1.0" encoding="UTF-8"?>
<!-- Generated by org.testng.reporters.JUnitReportReporter -->
<testsuite hostname="C3700100528" name="Tests.AddToCartRemoveFromCartTest" tests="2" failures="0" timestamp="23 Sep 2015 14:17:07 GMT" time="16.208" errors="0">
  <testcase name="EmptyBasket" time="5.702" classname="Tests.AddToCartRemoveFromCartTest"/>
  <testcase name="AddToBasket" time="10.506" classname="Tests.AddToCartRemoveFromCartTest"/>
</testsuite> <!-- Tests.AddToCartRemoveFromCartTest -->
