<?xml version="1.0" encoding="UTF-8"?>
<!-- Generated by org.testng.reporters.JUnitReportReporter -->
<testsuite hostname="C3700100423" name="LoginTest" tests="1" failures="0" timestamp="9 Oct 2015 10:41:44 GMT" time="17.435" errors="0">
  <testcase name="LogInLogOutTest" time="17.435" classname="LoginTest"/>
</testsuite> <!-- LoginTest -->
