<?xml version="1.0" encoding="UTF-8"?>
<!-- Generated by org.testng.reporters.JUnitReportReporter -->
<testsuite hostname="C3700100527" name="test1" tests="1" failures="0" timestamp="23 Sep 2015 12:54:29 GMT" time="29.986" errors="0">
  <testcase name="fireFoxEmagCreateAccountTest" time="29.986" classname="test1"/>
</testsuite>
