<?xml version="1.0" encoding="UTF-8"?>
<!-- Generated by org.testng.reporters.JUnitReportReporter -->
<testsuite hostname="C3700100528" name="Tests.CreateAccountAndLoginTest" tests="2" failures="0" timestamp="12 Oct 2015 08:23:50 GMT" time="11.217" errors="0">
  <testcase name="NegativeCreateAccountTest" time="1.695" classname="Tests.CreateAccountAndLoginTest"/>
  <testcase name="CreateAccountTest" time="9.522" classname="Tests.CreateAccountAndLoginTest"/>
</testsuite> <!-- Tests.CreateAccountAndLoginTest -->
