<?xml version="1.0" encoding="UTF-8"?>
<!-- Generated by org.testng.reporters.JUnitReportReporter -->
<testsuite hostname="C3700100528" name="Tests.CreateAccountAndLoginTest" tests="1" failures="0" timestamp="23 Sep 2015 12:32:56 GMT" time="8.473" errors="0">
  <testcase name="CreateAccountTest" time="8.473" classname="Tests.CreateAccountAndLoginTest"/>
</testsuite> <!-- Tests.CreateAccountAndLoginTest -->
