<?xml version="1.0" encoding="UTF-8"?>
<!-- Generated by org.testng.reporters.JUnitReportReporter -->
<testsuite hostname="C3700100527" name="test1" tests="3" failures="0" timestamp="14 Oct 2015 11:52:45 GMT" time="56.494" errors="0">
  <testcase name="loginTest" time="3.743" classname="test1"/>
  <testcase name="fireFoxEmagCreateAccountTest" time="24.417" classname="test1"/>
  <testcase name="addToCartAndRemoveFromCartTest" time="28.334" classname="test1"/>
</testsuite>
