<?xml version="1.0" encoding="UTF-8"?>
<!-- Generated by org.testng.reporters.JUnitReportReporter -->
<testsuite hostname="C3700100423" name="test1" tests="1" failures="0" timestamp="2 Oct 2015 10:25:21 GMT" time="3.860" errors="0">
  <testcase name="testNewUser" time="3.860" classname="test1"/>
</testsuite> <!-- test1 -->
