<?xml version="1.0" encoding="UTF-8"?>
<!-- Generated by org.testng.reporters.JUnitReportReporter -->
<testsuite hostname="C3700100528" name="Tests.AddToCartRemoveFromCartTest" tests="2" failures="0" timestamp="12 Oct 2015 08:29:42 GMT" time="13.513" errors="0">
  <testcase name="AddToBasket" time="7.264" classname="Tests.AddToCartRemoveFromCartTest"/>
  <testcase name="EmptyBasket" time="6.249" classname="Tests.AddToCartRemoveFromCartTest"/>
</testsuite> <!-- Tests.AddToCartRemoveFromCartTest -->
