<?xml version="1.0" encoding="UTF-8"?>
<!-- Generated by org.testng.reporters.JUnitReportReporter -->
<testsuite hostname="C3700100528" name="Tests.AddToCartRemoveFromCartTest" tests="1" failures="0" timestamp="30 Sep 2015 12:08:15 GMT" time="30.726" errors="0">
  <testcase name="AddToBasket" time="30.726" classname="Tests.AddToCartRemoveFromCartTest"/>
</testsuite> <!-- Tests.AddToCartRemoveFromCartTest -->
