<?xml version="1.0" encoding="UTF-8"?>
<!-- Generated by org.testng.reporters.JUnitReportReporter -->
<testsuite hostname="C3700100527" name="test1" tests="2" failures="0" timestamp="28 Sep 2015 15:15:27 GMT" time="46.210" errors="0">
  <testcase name="fireFoxEmagCreateAccountTest" time="24.746" classname="test1"/>
  <testcase name="addToCartAndRemoveFromCartTest" time="21.464" classname="test1"/>
</testsuite>
