<?xml version="1.0" encoding="UTF-8"?>
<!-- Generated by org.testng.reporters.JUnitReportReporter -->
<testsuite hostname="C3700100423" name="test1" tests="1" failures="0" timestamp="28 Sep 2015 13:28:20 GMT" time="3.118" errors="0">
  <testcase name="TestNewUser" time="3.118" classname="test1"/>
</testsuite> <!-- test1 -->
