<?xml version="1.0" encoding="UTF-8"?>
<!-- Generated by org.testng.reporters.JUnitReportReporter -->
<testsuite hostname="C3700100423" name="test1" tests="1" failures="0" timestamp="7 Oct 2015 11:00:58 GMT" time="1.638" errors="0">
  <testcase name="testLoginUserWithSymbol" time="1.638" classname="test1"/>
</testsuite> <!-- test1 -->
