<?xml version="1.0" encoding="UTF-8"?>
<!-- Generated by org.testng.reporters.JUnitReportReporter -->
<testsuite hostname="C3700100528" name="Tests.LoginTest" tests="1" failures="0" timestamp="12 Oct 2015 08:23:23 GMT" time="6.708" errors="0">
  <testcase name="Log" time="6.708" classname="Tests.LoginTest"/>
</testsuite> <!-- Tests.LoginTest -->
